[0;32m=== BGE-M3 Pro ç‰ˆæœåŠ¡å¯åŠ¨ ===[0m

[0;32m[æ¨¡å¼] GPU åŠ é€Ÿ[0m

[0;32m[é…ç½®ä¿¡æ¯][0m
  æ¨¡å‹è·¯å¾„: /opt/bge-m3/models/bge-m3
  è®¾å¤‡æ¨¡å¼: cuda
  CPU çº¿ç¨‹: 1
  æœ€å¤§æ‰¹æ¬¡: 128
  æœ€å¤§é•¿åº¦: 8192
  æ—¥å¿—çº§åˆ«: INFO
  æ¨¡å‹é¢„çƒ­: true

[0;32m[æ¿€æ´»ç¯å¢ƒ][0m
  è™šæ‹Ÿç¯å¢ƒå·²æ¿€æ´»

[0;32m[æ£€æŸ¥æ¨¡å‹][0m
  âœ… SafeTensors æ¨¡å‹: 2.2G

[0;32m[GPU æ£€æŸ¥][0m
  GPU: NVIDIA GeForce RTX 5090, 32607 MiB
NVIDIA GeForce RTX 5090, 32607 MiB
NVIDIA GeForce RTX 5090, 32607 MiB
NVIDIA GeForce RTX 5090, 32607 MiB

[0;32m[å¯åŠ¨æœåŠ¡][0m
  è®¿é—®åœ°å€: http://localhost:8001
  API æ–‡æ¡£: http://localhost:8001/docs
  å¥åº·æ£€æŸ¥: http://localhost:8001/health
  ç»Ÿè®¡ä¿¡æ¯: http://localhost:8001/stats

[1;33mæŒ‰ Ctrl+C åœæ­¢æœåŠ¡[0m

INFO:     Started server process [1352046]
INFO:     Waiting for application startup.
2026-01-12 07:58:26 | INFO | serve_bge_m3_pro:340 | åº”ç”¨å¯åŠ¨ä¸­...
2026-01-12 07:58:26 | INFO | serve_bge_m3_pro:99 | âœ… é…ç½®éªŒè¯é€šè¿‡: device=cuda, batch_size=128, max_length=8192
2026-01-12 07:58:26 | INFO | serve_bge_m3_pro:187 | å¼€å§‹åŠ è½½æ¨¡å‹...
2026-01-12 07:58:26 | INFO | serve_bge_m3_pro:195 | è®¾å¤‡é…ç½®: device=cuda, dtype=torch.float16, cpu_threads=1
2026-01-12 07:58:26 | INFO | serve_bge_m3_pro:198 | åŠ è½½åˆ†è¯å™¨: /opt/bge-m3/models/bge-m3
2026-01-12 07:58:27 | INFO | serve_bge_m3_pro:206 | åŠ è½½æ¨¡å‹æƒé‡: /opt/bge-m3/models/bge-m3
2026-01-12 07:58:28 | INFO | serve_bge_m3_pro:216 | æ¨¡å‹åŠ è½½å®Œæˆï¼Œè€—æ—¶ 2.07s
2026-01-12 07:58:28 | INFO | serve_bge_m3_pro:223 | è¯­ä¹‰åŒ¹é…å¼•æ“åŠ è½½å®Œæˆ
2026-01-12 07:58:28 | INFO | serve_bge_m3_pro:242 | å¼€å§‹æ¨¡å‹é¢„çƒ­...
2026-01-12 07:58:28 | INFO | serve_bge_m3_pro:246 | æ¨¡å‹é¢„çƒ­å®Œæˆ
2026-01-12 07:58:28 | INFO | serve_bge_m3_pro:345 | åº”ç”¨å¯åŠ¨å®Œæˆ
INFO:     Application startup complete.
INFO:     Uvicorn running on http://0.0.0.0:8001 (Press CTRL+C to quit)
2026-01-12 07:58:33 | INFO | serve_bge_m3_pro:433 | æ”¶åˆ°è¯·æ±‚: POST /match
2026-01-12 07:58:33 | INFO | serve_bge_m3_pro:440 | è¯·æ±‚å®Œæˆ: POST /match çŠ¶æ€=200 è€—æ—¶=187.01ms
[*] æ­£åœ¨åŠ è½½å‘é‡åº“: data/model_index.pt (è®¾å¤‡: cuda)
[*] å‘é‡åº“åŠ è½½å®Œæˆï¼Œè§„æ¨¡: torch.Size([11, 1024])
INFO:     127.0.0.1:33932 - "POST /match HTTP/1.1" 200 OK
2026-01-12 09:26:26 | INFO | serve_bge_m3_pro:433 | æ”¶åˆ°è¯·æ±‚: POST /match
2026-01-12 09:26:27 | INFO | serve_bge_m3_pro:440 | è¯·æ±‚å®Œæˆ: POST /match çŠ¶æ€=200 è€—æ—¶=47.10ms
INFO:     127.0.0.1:36426 - "POST /match HTTP/1.1" 200 OK
2026-01-12 09:26:51 | INFO | serve_bge_m3_pro:433 | æ”¶åˆ°è¯·æ±‚: POST /match
2026-01-12 09:26:51 | INFO | serve_bge_m3_pro:440 | è¯·æ±‚å®Œæˆ: POST /match çŠ¶æ€=200 è€—æ—¶=38.82ms
INFO:     127.0.0.1:56114 - "POST /match HTTP/1.1" 200 OK
